<?xml version="1.0" encoding="UTF-8"?>
<testng-results ignored="0" total="1" passed="1" failed="0" skipped="0">
  <reporter-output>
  </reporter-output>
  <suite started-at="2025-02-02T22:35:35 IST" name="Suite" finished-at="2025-02-02T22:36:23 IST" duration-ms="48426">
    <groups>
    </groups>
    <test started-at="2025-02-02T22:35:35 IST" name="signout" finished-at="2025-02-02T22:36:23 IST" duration-ms="48426">
      <class name="com.animalBiome.Automation.Signout_existinguser">
        <test-method signature="signout()[pri:3, instance:com.animalBiome.Automation.Signout_existinguser@249e0271]" started-at="2025-02-02T22:35:35 IST" name="signout" finished-at="2025-02-02T22:36:23 IST" duration-ms="48369" status="PASS">
          <reporter-output>
          </reporter-output>
        </test-method> <!-- signout -->
      </class> <!-- com.animalBiome.Automation.Signout_existinguser -->
    </test> <!-- signout -->
  </suite> <!-- Suite -->
</testng-results>
